This is pdfTeX, Version 3.14159265-2.6-1.40.17 (TeX Live 2016) (preloaded format=pdflatex 2016.5.22)  29 JUN 2017 16:52
entering extended mode
 restricted \write18 enabled.
 file:line:error style messages enabled.
 %&-line parsing enabled.
**main.tex
(./main.tex
LaTeX2e <2016/03/31>
Babel <3.9r> and hyphenation patterns for 83 language(s) loaded.
(/usr/local/texlive/2016/texmf-dist/tex/latex/base/article.cls
Document Class: article 2014/09/29 v1.4h Standard LaTeX document class
(/usr/local/texlive/2016/texmf-dist/tex/latex/base/size10.clo
File: size10.clo 2014/09/29 v1.4h Standard LaTeX file (size option)
)
\c@part=\count79
\c@section=\count80
\c@subsection=\count81
\c@subsubsection=\count82
\c@paragraph=\count83
\c@subparagraph=\count84
\c@figure=\count85
\c@table=\count86
\abovecaptionskip=\skip41
\belowcaptionskip=\skip42
\bibindent=\dimen102
)
(/usr/local/texlive/2016/texmf-dist/tex/generic/babel/babel.sty
Package: babel 2016/04/23 3.9r The Babel package

(/usr/local/texlive/2016/texmf-dist/tex/generic/babel-english/english.ldf
Language: english 2012/08/20 v3.3p English support from the babel system

(/usr/local/texlive/2016/texmf-dist/tex/generic/babel/babel.def
File: babel.def 2016/04/23 3.9r Babel common definitions
\babel@savecnt=\count87
\U@D=\dimen103
)
\l@canadian = a dialect from \language\l@american 
\l@australian = a dialect from \language\l@british 
\l@newzealand = a dialect from \language\l@british 
))
(/usr/local/texlive/2016/texmf-dist/tex/latex/base/inputenc.sty
Package: inputenc 2015/03/17 v1.2c Input encoding file
\inpenc@prehook=\toks14
\inpenc@posthook=\toks15

(/usr/local/texlive/2016/texmf-dist/tex/latex/ucs/utf8x.def
File: utf8x.def 2004/10/17 UCS: Input encoding UTF-8
))
(/usr/local/texlive/2016/texmf-dist/tex/latex/ucs/ucs.sty
Package: ucs 2013/05/11 v2.2 UCS: Unicode input support

(/usr/local/texlive/2016/texmf-dist/tex/latex/ucs/data/uni-global.def
File: uni-global.def 2013/05/13 UCS: Unicode global data
)
\uc@secondtry=\count88
\uc@combtoks=\toks16
\uc@combtoksb=\toks17
\uc@temptokena=\toks18
)
(/usr/local/texlive/2016/texmf-dist/tex/latex/base/fontenc.sty
Package: fontenc 2005/09/27 v1.99g Standard LaTeX package

(/usr/local/texlive/2016/texmf-dist/tex/latex/base/t1enc.def
File: t1enc.def 2005/09/27 v1.99g Standard LaTeX file
LaTeX Font Info:    Redeclaring font encoding T1 on input line 48.
))
(/usr/local/texlive/2016/texmf-dist/tex/latex/geometry/geometry.sty
Package: geometry 2010/09/12 v5.6 Page Geometry

(/usr/local/texlive/2016/texmf-dist/tex/latex/graphics/keyval.sty
Package: keyval 2014/10/28 v1.15 key=value parser (DPC)
\KV@toks@=\toks19
)
(/usr/local/texlive/2016/texmf-dist/tex/generic/oberdiek/ifpdf.sty
Package: ifpdf 2016/05/14 v3.1 Provides the ifpdf switch
)
(/usr/local/texlive/2016/texmf-dist/tex/generic/oberdiek/ifvtex.sty
Package: ifvtex 2016/05/16 v1.6 Detect VTeX and its facilities (HO)
Package ifvtex Info: VTeX not detected.
)
(/usr/local/texlive/2016/texmf-dist/tex/generic/ifxetex/ifxetex.sty
Package: ifxetex 2010/09/12 v0.6 Provides ifxetex conditional
)
\Gm@cnth=\count89
\Gm@cntv=\count90
\c@Gm@tempcnt=\count91
\Gm@bindingoffset=\dimen104
\Gm@wd@mp=\dimen105
\Gm@odd@mp=\dimen106
\Gm@even@mp=\dimen107
\Gm@layoutwidth=\dimen108
\Gm@layoutheight=\dimen109
\Gm@layouthoffset=\dimen110
\Gm@layoutvoffset=\dimen111
\Gm@dimlist=\toks20
)
(/usr/local/texlive/2016/texmf-dist/tex/latex/listings/listings.sty
\lst@mode=\count92
\lst@gtempboxa=\box26
\lst@token=\toks21
\lst@length=\count93
\lst@currlwidth=\dimen112
\lst@column=\count94
\lst@pos=\count95
\lst@lostspace=\dimen113
\lst@width=\dimen114
\lst@newlines=\count96
\lst@lineno=\count97
\lst@maxwidth=\dimen115

(/usr/local/texlive/2016/texmf-dist/tex/latex/listings/lstmisc.sty
File: lstmisc.sty 2015/06/04 1.6 (Carsten Heinz)
\c@lstnumber=\count98
\lst@skipnumbers=\count99
\lst@framebox=\box27
)
(/usr/local/texlive/2016/texmf-dist/tex/latex/listings/listings.cfg
File: listings.cfg 2015/06/04 1.6 listings configuration
))
Package: listings 2015/06/04 1.6 (Carsten Heinz)

(/usr/local/texlive/2016/texmf-dist/tex/latex/algorithms/algorithm.sty
Package: algorithm 2009/08/24 v0.1 Document Style `algorithm' - floating enviro
nment

(/usr/local/texlive/2016/texmf-dist/tex/latex/float/float.sty
Package: float 2001/11/08 v1.3d Float enhancements (AL)
\c@float@type=\count100
\float@exts=\toks22
\float@box=\box28
\@float@everytoks=\toks23
\@floatcapt=\box29
)
(/usr/local/texlive/2016/texmf-dist/tex/latex/base/ifthen.sty
Package: ifthen 2014/09/29 v1.1c Standard LaTeX ifthen package (DPC)
)
\@float@every@algorithm=\toks24
\c@algorithm=\count101
)
(/usr/local/texlive/2016/texmf-dist/tex/latex/algorithmicx/algpseudocode.sty
Package: algpseudocode 

(/usr/local/texlive/2016/texmf-dist/tex/latex/algorithmicx/algorithmicx.sty
Package: algorithmicx 2005/04/27 v1.2 Algorithmicx

Document Style algorithmicx 1.2 - a greatly improved `algorithmic' style
\c@ALG@line=\count102
\c@ALG@rem=\count103
\c@ALG@nested=\count104
\ALG@tlm=\skip43
\ALG@thistlm=\skip44
\c@ALG@Lnr=\count105
\c@ALG@blocknr=\count106
\c@ALG@storecount=\count107
\c@ALG@tmpcounter=\count108
\ALG@tmplength=\skip45
)
Document Style - pseudocode environments for use with the `algorithmicx' style
) (/usr/local/texlive/2016/texmf-dist/tex/latex/amsmath/amsmath.sty
Package: amsmath 2016/03/10 v2.15b AMS math features
\@mathmargin=\skip46

For additional information on amsmath, use the `?' option.
(/usr/local/texlive/2016/texmf-dist/tex/latex/amsmath/amstext.sty
Package: amstext 2000/06/29 v2.01 AMS text

(/usr/local/texlive/2016/texmf-dist/tex/latex/amsmath/amsgen.sty
File: amsgen.sty 1999/11/30 v2.0 generic functions
\@emptytoks=\toks25
\ex@=\dimen116
))
(/usr/local/texlive/2016/texmf-dist/tex/latex/amsmath/amsbsy.sty
Package: amsbsy 1999/11/29 v1.2d Bold Symbols
\pmbraise@=\dimen117
)
(/usr/local/texlive/2016/texmf-dist/tex/latex/amsmath/amsopn.sty
Package: amsopn 2016/03/08 v2.02 operator names
)
\inf@bad=\count109
LaTeX Info: Redefining \frac on input line 199.
\uproot@=\count110
\leftroot@=\count111
LaTeX Info: Redefining \overline on input line 297.
\classnum@=\count112
\DOTSCASE@=\count113
LaTeX Info: Redefining \ldots on input line 394.
LaTeX Info: Redefining \dots on input line 397.
LaTeX Info: Redefining \cdots on input line 518.
\Mathstrutbox@=\box30
\strutbox@=\box31
\big@size=\dimen118
LaTeX Font Info:    Redeclaring font encoding OML on input line 634.
LaTeX Font Info:    Redeclaring font encoding OMS on input line 635.
\macc@depth=\count114
\c@MaxMatrixCols=\count115
\dotsspace@=\muskip10
\c@parentequation=\count116
\dspbrk@lvl=\count117
\tag@help=\toks26
\row@=\count118
\column@=\count119
\maxfields@=\count120
\andhelp@=\toks27
\eqnshift@=\dimen119
\alignsep@=\dimen120
\tagshift@=\dimen121
\tagwidth@=\dimen122
\totwidth@=\dimen123
\lineht@=\dimen124
\@envbody=\toks28
\multlinegap=\skip47
\multlinetaggap=\skip48
\mathdisplay@stack=\toks29
LaTeX Info: Redefining \[ on input line 2739.
LaTeX Info: Redefining \] on input line 2740.
)
(/usr/local/texlive/2016/texmf-dist/tex/latex/amscls/amsthm.sty
Package: amsthm 2015/03/04 v2.20.2
\thm@style=\toks30
\thm@bodyfont=\toks31
\thm@headfont=\toks32
\thm@notefont=\toks33
\thm@headpunct=\toks34
\thm@preskip=\skip49
\thm@postskip=\skip50
\thm@headsep=\skip51
\dth@everypar=\toks35
)
(/usr/local/texlive/2016/texmf-dist/tex/latex/amsfonts/amssymb.sty
Package: amssymb 2013/01/14 v3.01 AMS font symbols

(/usr/local/texlive/2016/texmf-dist/tex/latex/amsfonts/amsfonts.sty
Package: amsfonts 2013/01/14 v3.01 Basic AMSFonts support
\symAMSa=\mathgroup4
\symAMSb=\mathgroup5
LaTeX Font Info:    Overwriting math alphabet `\mathfrak' in version `bold'
(Font)                  U/euf/m/n --> U/euf/b/n on input line 106.
))
(/usr/local/texlive/2016/texmf-dist/tex/latex/graphics/graphicx.sty
Package: graphicx 2014/10/28 v1.0g Enhanced LaTeX Graphics (DPC,SPQR)

(/usr/local/texlive/2016/texmf-dist/tex/latex/graphics/graphics.sty
Package: graphics 2016/05/09 v1.0r Standard LaTeX Graphics (DPC,SPQR)

(/usr/local/texlive/2016/texmf-dist/tex/latex/graphics/trig.sty
Package: trig 2016/01/03 v1.10 sin cos tan (DPC)
)
(/usr/local/texlive/2016/texmf-dist/tex/latex/graphics-cfg/graphics.cfg
File: graphics.cfg 2016/01/02 v1.10 sample graphics configuration
)
Package graphics Info: Driver file: pdftex.def on input line 96.

(/usr/local/texlive/2016/texmf-dist/tex/latex/pdftex-def/pdftex.def
File: pdftex.def 2011/05/27 v0.06d Graphics/color for pdfTeX

(/usr/local/texlive/2016/texmf-dist/tex/generic/oberdiek/infwarerr.sty
Package: infwarerr 2016/05/16 v1.4 Providing info/warning/error messages (HO)
)
(/usr/local/texlive/2016/texmf-dist/tex/generic/oberdiek/ltxcmds.sty
Package: ltxcmds 2016/05/16 v1.23 LaTeX kernel commands for general use (HO)
)
\Gread@gobject=\count121
))
\Gin@req@height=\dimen125
\Gin@req@width=\dimen126
)
(/usr/local/texlive/2016/texmf-dist/tex/latex/todonotes/todonotes.sty
Package: todonotes 2015/07/09 .dtx Todonotes source and documentation.
Package: todonotes 2012/07/25

(/usr/local/texlive/2016/texmf-dist/tex/latex/xkeyval/xkeyval.sty
Package: xkeyval 2014/12/03 v2.7a package option processing (HA)

(/usr/local/texlive/2016/texmf-dist/tex/generic/xkeyval/xkeyval.tex
(/usr/local/texlive/2016/texmf-dist/tex/generic/xkeyval/xkvutils.tex
\XKV@toks=\toks36
\XKV@tempa@toks=\toks37
)
\XKV@depth=\count122
File: xkeyval.tex 2014/12/03 v2.7a key=value parser (HA)
))
(/usr/local/texlive/2016/texmf-dist/tex/latex/xcolor/xcolor.sty
Package: xcolor 2016/05/11 v2.12 LaTeX color extensions (UK)

(/usr/local/texlive/2016/texmf-dist/tex/latex/graphics-cfg/color.cfg
File: color.cfg 2016/01/02 v1.6 sample color configuration
)
Package xcolor Info: Driver file: pdftex.def on input line 225.
Package xcolor Info: Model `cmy' substituted by `cmy0' on input line 1348.
Package xcolor Info: Model `hsb' substituted by `rgb' on input line 1352.
Package xcolor Info: Model `RGB' extended on input line 1364.
Package xcolor Info: Model `HTML' substituted by `rgb' on input line 1366.
Package xcolor Info: Model `Hsb' substituted by `hsb' on input line 1367.
Package xcolor Info: Model `tHsb' substituted by `hsb' on input line 1368.
Package xcolor Info: Model `HSB' substituted by `hsb' on input line 1369.
Package xcolor Info: Model `Gray' substituted by `gray' on input line 1370.
Package xcolor Info: Model `wave' substituted by `hsb' on input line 1371.
)
(/usr/local/texlive/2016/texmf-dist/tex/latex/pgf/frontendlayer/tikz.sty
(/usr/local/texlive/2016/texmf-dist/tex/latex/pgf/basiclayer/pgf.sty
(/usr/local/texlive/2016/texmf-dist/tex/latex/pgf/utilities/pgfrcs.sty
(/usr/local/texlive/2016/texmf-dist/tex/generic/pgf/utilities/pgfutil-common.te
x
\pgfutil@everybye=\toks38
\pgfutil@tempdima=\dimen127
\pgfutil@tempdimb=\dimen128

(/usr/local/texlive/2016/texmf-dist/tex/generic/pgf/utilities/pgfutil-common-li
sts.tex))
(/usr/local/texlive/2016/texmf-dist/tex/generic/pgf/utilities/pgfutil-latex.def
\pgfutil@abb=\box32
(/usr/local/texlive/2016/texmf-dist/tex/latex/ms/everyshi.sty
Package: everyshi 2001/05/15 v3.00 EveryShipout Package (MS)
))
(/usr/local/texlive/2016/texmf-dist/tex/generic/pgf/utilities/pgfrcs.code.tex
Package: pgfrcs 2015/08/07 v3.0.1a (rcs-revision 1.31)
))
Package: pgf 2015/08/07 v3.0.1a (rcs-revision 1.15)
(/usr/local/texlive/2016/texmf-dist/tex/latex/pgf/basiclayer/pgfcore.sty
(/usr/local/texlive/2016/texmf-dist/tex/latex/pgf/systemlayer/pgfsys.sty
(/usr/local/texlive/2016/texmf-dist/tex/generic/pgf/systemlayer/pgfsys.code.tex
Package: pgfsys 2014/07/09 v3.0.1a (rcs-revision 1.48)
(/usr/local/texlive/2016/texmf-dist/tex/generic/pgf/utilities/pgfkeys.code.tex
\pgfkeys@pathtoks=\toks39
\pgfkeys@temptoks=\toks40

(/usr/local/texlive/2016/texmf-dist/tex/generic/pgf/utilities/pgfkeysfiltered.c
ode.tex
\pgfkeys@tmptoks=\toks41
))
\pgf@x=\dimen129
\pgf@y=\dimen130
\pgf@xa=\dimen131
\pgf@ya=\dimen132
\pgf@xb=\dimen133
\pgf@yb=\dimen134
\pgf@xc=\dimen135
\pgf@yc=\dimen136
\w@pgf@writea=\write3
\r@pgf@reada=\read1
\c@pgf@counta=\count123
\c@pgf@countb=\count124
\c@pgf@countc=\count125
\c@pgf@countd=\count126
\t@pgf@toka=\toks42
\t@pgf@tokb=\toks43
\t@pgf@tokc=\toks44

(/usr/local/texlive/2016/texmf-dist/tex/generic/pgf/systemlayer/pgf.cfg
File: pgf.cfg 2008/05/14  (rcs-revision 1.7)
)
Driver file for pgf: pgfsys-pdftex.def

(/usr/local/texlive/2016/texmf-dist/tex/generic/pgf/systemlayer/pgfsys-pdftex.d
ef
File: pgfsys-pdftex.def 2014/10/11  (rcs-revision 1.35)

(/usr/local/texlive/2016/texmf-dist/tex/generic/pgf/systemlayer/pgfsys-common-p
df.def
File: pgfsys-common-pdf.def 2013/10/10  (rcs-revision 1.13)
)))
(/usr/local/texlive/2016/texmf-dist/tex/generic/pgf/systemlayer/pgfsyssoftpath.
code.tex
File: pgfsyssoftpath.code.tex 2013/09/09  (rcs-revision 1.9)
\pgfsyssoftpath@smallbuffer@items=\count127
\pgfsyssoftpath@bigbuffer@items=\count128
)
(/usr/local/texlive/2016/texmf-dist/tex/generic/pgf/systemlayer/pgfsysprotocol.
code.tex
File: pgfsysprotocol.code.tex 2006/10/16  (rcs-revision 1.4)
))
(/usr/local/texlive/2016/texmf-dist/tex/generic/pgf/basiclayer/pgfcore.code.tex
Package: pgfcore 2010/04/11 v3.0.1a (rcs-revision 1.7)
(/usr/local/texlive/2016/texmf-dist/tex/generic/pgf/math/pgfmath.code.tex
(/usr/local/texlive/2016/texmf-dist/tex/generic/pgf/math/pgfmathcalc.code.tex
(/usr/local/texlive/2016/texmf-dist/tex/generic/pgf/math/pgfmathutil.code.tex)
(/usr/local/texlive/2016/texmf-dist/tex/generic/pgf/math/pgfmathparser.code.tex
\pgfmath@dimen=\dimen137
\pgfmath@count=\count129
\pgfmath@box=\box33
\pgfmath@toks=\toks45
\pgfmath@stack@operand=\toks46
\pgfmath@stack@operation=\toks47
)
(/usr/local/texlive/2016/texmf-dist/tex/generic/pgf/math/pgfmathfunctions.code.
tex
(/usr/local/texlive/2016/texmf-dist/tex/generic/pgf/math/pgfmathfunctions.basic
.code.tex)
(/usr/local/texlive/2016/texmf-dist/tex/generic/pgf/math/pgfmathfunctions.trigo
nometric.code.tex)
(/usr/local/texlive/2016/texmf-dist/tex/generic/pgf/math/pgfmathfunctions.rando
m.code.tex)
(/usr/local/texlive/2016/texmf-dist/tex/generic/pgf/math/pgfmathfunctions.compa
rison.code.tex)
(/usr/local/texlive/2016/texmf-dist/tex/generic/pgf/math/pgfmathfunctions.base.
code.tex)
(/usr/local/texlive/2016/texmf-dist/tex/generic/pgf/math/pgfmathfunctions.round
.code.tex)
(/usr/local/texlive/2016/texmf-dist/tex/generic/pgf/math/pgfmathfunctions.misc.
code.tex)
(/usr/local/texlive/2016/texmf-dist/tex/generic/pgf/math/pgfmathfunctions.integ
erarithmetics.code.tex)))
(/usr/local/texlive/2016/texmf-dist/tex/generic/pgf/math/pgfmathfloat.code.tex
\c@pgfmathroundto@lastzeros=\count130
))
(/usr/local/texlive/2016/texmf-dist/tex/generic/pgf/basiclayer/pgfcorepoints.co
de.tex
File: pgfcorepoints.code.tex 2013/10/07  (rcs-revision 1.27)
\pgf@picminx=\dimen138
\pgf@picmaxx=\dimen139
\pgf@picminy=\dimen140
\pgf@picmaxy=\dimen141
\pgf@pathminx=\dimen142
\pgf@pathmaxx=\dimen143
\pgf@pathminy=\dimen144
\pgf@pathmaxy=\dimen145
\pgf@xx=\dimen146
\pgf@xy=\dimen147
\pgf@yx=\dimen148
\pgf@yy=\dimen149
\pgf@zx=\dimen150
\pgf@zy=\dimen151
)
(/usr/local/texlive/2016/texmf-dist/tex/generic/pgf/basiclayer/pgfcorepathconst
ruct.code.tex
File: pgfcorepathconstruct.code.tex 2013/10/07  (rcs-revision 1.29)
\pgf@path@lastx=\dimen152
\pgf@path@lasty=\dimen153
)
(/usr/local/texlive/2016/texmf-dist/tex/generic/pgf/basiclayer/pgfcorepathusage
.code.tex
File: pgfcorepathusage.code.tex 2014/11/02  (rcs-revision 1.24)
\pgf@shorten@end@additional=\dimen154
\pgf@shorten@start@additional=\dimen155
)
(/usr/local/texlive/2016/texmf-dist/tex/generic/pgf/basiclayer/pgfcorescopes.co
de.tex
File: pgfcorescopes.code.tex 2015/05/08  (rcs-revision 1.46)
\pgfpic=\box34
\pgf@hbox=\box35
\pgf@layerbox@main=\box36
\pgf@picture@serial@count=\count131
)
(/usr/local/texlive/2016/texmf-dist/tex/generic/pgf/basiclayer/pgfcoregraphicst
ate.code.tex
File: pgfcoregraphicstate.code.tex 2014/11/02  (rcs-revision 1.12)
\pgflinewidth=\dimen156
)
(/usr/local/texlive/2016/texmf-dist/tex/generic/pgf/basiclayer/pgfcoretransform
ations.code.tex
File: pgfcoretransformations.code.tex 2015/08/07  (rcs-revision 1.20)
\pgf@pt@x=\dimen157
\pgf@pt@y=\dimen158
\pgf@pt@temp=\dimen159
)
(/usr/local/texlive/2016/texmf-dist/tex/generic/pgf/basiclayer/pgfcorequick.cod
e.tex
File: pgfcorequick.code.tex 2008/10/09  (rcs-revision 1.3)
)
(/usr/local/texlive/2016/texmf-dist/tex/generic/pgf/basiclayer/pgfcoreobjects.c
ode.tex
File: pgfcoreobjects.code.tex 2006/10/11  (rcs-revision 1.2)
)
(/usr/local/texlive/2016/texmf-dist/tex/generic/pgf/basiclayer/pgfcorepathproce
ssing.code.tex
File: pgfcorepathprocessing.code.tex 2013/09/09  (rcs-revision 1.9)
)
(/usr/local/texlive/2016/texmf-dist/tex/generic/pgf/basiclayer/pgfcorearrows.co
de.tex
File: pgfcorearrows.code.tex 2015/05/14  (rcs-revision 1.43)
\pgfarrowsep=\dimen160
)
(/usr/local/texlive/2016/texmf-dist/tex/generic/pgf/basiclayer/pgfcoreshade.cod
e.tex
File: pgfcoreshade.code.tex 2013/07/15  (rcs-revision 1.15)
\pgf@max=\dimen161
\pgf@sys@shading@range@num=\count132
)
(/usr/local/texlive/2016/texmf-dist/tex/generic/pgf/basiclayer/pgfcoreimage.cod
e.tex
File: pgfcoreimage.code.tex 2013/07/15  (rcs-revision 1.18)

(/usr/local/texlive/2016/texmf-dist/tex/generic/pgf/basiclayer/pgfcoreexternal.
code.tex
File: pgfcoreexternal.code.tex 2014/07/09  (rcs-revision 1.21)
\pgfexternal@startupbox=\box37
))
(/usr/local/texlive/2016/texmf-dist/tex/generic/pgf/basiclayer/pgfcorelayers.co
de.tex
File: pgfcorelayers.code.tex 2013/07/18  (rcs-revision 1.7)
)
(/usr/local/texlive/2016/texmf-dist/tex/generic/pgf/basiclayer/pgfcoretranspare
ncy.code.tex
File: pgfcoretransparency.code.tex 2013/09/30  (rcs-revision 1.5)
)
(/usr/local/texlive/2016/texmf-dist/tex/generic/pgf/basiclayer/pgfcorepatterns.
code.tex
File: pgfcorepatterns.code.tex 2013/11/07  (rcs-revision 1.5)
)))
(/usr/local/texlive/2016/texmf-dist/tex/generic/pgf/modules/pgfmoduleshapes.cod
e.tex
File: pgfmoduleshapes.code.tex 2014/03/21  (rcs-revision 1.35)
\pgfnodeparttextbox=\box38
)
(/usr/local/texlive/2016/texmf-dist/tex/generic/pgf/modules/pgfmoduleplot.code.
tex
File: pgfmoduleplot.code.tex 2015/08/03  (rcs-revision 1.13)
)
(/usr/local/texlive/2016/texmf-dist/tex/latex/pgf/compatibility/pgfcomp-version
-0-65.sty
Package: pgfcomp-version-0-65 2007/07/03 v3.0.1a (rcs-revision 1.7)
\pgf@nodesepstart=\dimen162
\pgf@nodesepend=\dimen163
)
(/usr/local/texlive/2016/texmf-dist/tex/latex/pgf/compatibility/pgfcomp-version
-1-18.sty
Package: pgfcomp-version-1-18 2007/07/23 v3.0.1a (rcs-revision 1.1)
))
(/usr/local/texlive/2016/texmf-dist/tex/latex/pgf/utilities/pgffor.sty
(/usr/local/texlive/2016/texmf-dist/tex/latex/pgf/utilities/pgfkeys.sty
(/usr/local/texlive/2016/texmf-dist/tex/generic/pgf/utilities/pgfkeys.code.tex)
) (/usr/local/texlive/2016/texmf-dist/tex/latex/pgf/math/pgfmath.sty
(/usr/local/texlive/2016/texmf-dist/tex/generic/pgf/math/pgfmath.code.tex))
(/usr/local/texlive/2016/texmf-dist/tex/generic/pgf/utilities/pgffor.code.tex
Package: pgffor 2013/12/13 v3.0.1a (rcs-revision 1.25)

(/usr/local/texlive/2016/texmf-dist/tex/generic/pgf/math/pgfmath.code.tex)
\pgffor@iter=\dimen164
\pgffor@skip=\dimen165
\pgffor@stack=\toks48
\pgffor@toks=\toks49
))
(/usr/local/texlive/2016/texmf-dist/tex/generic/pgf/frontendlayer/tikz/tikz.cod
e.tex
Package: tikz 2015/08/07 v3.0.1a (rcs-revision 1.151)

(/usr/local/texlive/2016/texmf-dist/tex/generic/pgf/libraries/pgflibraryplothan
dlers.code.tex
File: pgflibraryplothandlers.code.tex 2013/08/31 v3.0.1a (rcs-revision 1.20)
\pgf@plot@mark@count=\count133
\pgfplotmarksize=\dimen166
)
\tikz@lastx=\dimen167
\tikz@lasty=\dimen168
\tikz@lastxsaved=\dimen169
\tikz@lastysaved=\dimen170
\tikzleveldistance=\dimen171
\tikzsiblingdistance=\dimen172
\tikz@figbox=\box39
\tikz@figbox@bg=\box40
\tikz@tempbox=\box41
\tikz@tempbox@bg=\box42
\tikztreelevel=\count134
\tikznumberofchildren=\count135
\tikznumberofcurrentchild=\count136
\tikz@fig@count=\count137

(/usr/local/texlive/2016/texmf-dist/tex/generic/pgf/modules/pgfmodulematrix.cod
e.tex
File: pgfmodulematrix.code.tex 2013/09/17  (rcs-revision 1.8)
\pgfmatrixcurrentrow=\count138
\pgfmatrixcurrentcolumn=\count139
\pgf@matrix@numberofcolumns=\count140
)
\tikz@expandcount=\count141

(/usr/local/texlive/2016/texmf-dist/tex/generic/pgf/frontendlayer/tikz/librarie
s/tikzlibrarytopaths.code.tex
File: tikzlibrarytopaths.code.tex 2008/06/17 v3.0.1a (rcs-revision 1.2)
)))
(/usr/local/texlive/2016/texmf-dist/tex/generic/pgf/frontendlayer/tikz/librarie
s/tikzlibrarypositioning.code.tex
File: tikzlibrarypositioning.code.tex 2008/10/06 v3.0.1a (rcs-revision 1.7)
)
(/usr/local/texlive/2016/texmf-dist/tex/latex/tools/calc.sty
Package: calc 2014/10/28 v4.3 Infix arithmetic (KKT,FJ)
\calc@Acount=\count142
\calc@Bcount=\count143
\calc@Adimen=\dimen173
\calc@Bdimen=\dimen174
\calc@Askip=\skip52
\calc@Bskip=\skip53
LaTeX Info: Redefining \setlength on input line 80.
LaTeX Info: Redefining \addtolength on input line 81.
\calc@Ccount=\count144
\calc@Cskip=\skip54
)
\c@@todonotes@numberoftodonotes=\count145
)
(/usr/local/texlive/2016/texmf-dist/tex/latex/hyperref/hyperref.sty
Package: hyperref 2016/05/05 v6.83n Hypertext links for LaTeX

(/usr/local/texlive/2016/texmf-dist/tex/generic/oberdiek/hobsub-hyperref.sty
Package: hobsub-hyperref 2016/05/16 v1.14 Bundle oberdiek, subset hyperref (HO)


(/usr/local/texlive/2016/texmf-dist/tex/generic/oberdiek/hobsub-generic.sty
Package: hobsub-generic 2016/05/16 v1.14 Bundle oberdiek, subset generic (HO)
Package: hobsub 2016/05/16 v1.14 Construct package bundles (HO)
Package hobsub Info: Skipping package `infwarerr' (already loaded).
Package hobsub Info: Skipping package `ltxcmds' (already loaded).
Package: ifluatex 2016/05/16 v1.4 Provides the ifluatex switch (HO)
Package ifluatex Info: LuaTeX not detected.
Package hobsub Info: Skipping package `ifvtex' (already loaded).
Package: intcalc 2016/05/16 v1.2 Expandable calculations with integers (HO)
Package hobsub Info: Skipping package `ifpdf' (already loaded).
Package: etexcmds 2016/05/16 v1.6 Avoid name clashes with e-TeX commands (HO)
Package etexcmds Info: Could not find \expanded.
(etexcmds)             That can mean that you are not using pdfTeX 1.50 or
(etexcmds)             that some package has redefined \expanded.
(etexcmds)             In the latter case, load this package earlier.
Package: kvsetkeys 2016/05/16 v1.17 Key value parser (HO)
Package: kvdefinekeys 2016/05/16 v1.4 Define keys (HO)
Package: pdftexcmds 2016/05/10 v0.21 Utility functions of pdfTeX for LuaTeX (HO
)
Package pdftexcmds Info: LuaTeX not detected.
Package pdftexcmds Info: \pdf@primitive is available.
Package pdftexcmds Info: \pdf@ifprimitive is available.
Package pdftexcmds Info: \pdfdraftmode found.
Package: pdfescape 2016/05/16 v1.14 Implements pdfTeX's escape features (HO)
Package: bigintcalc 2016/05/16 v1.4 Expandable calculations on big integers (HO
)
Package: bitset 2016/05/16 v1.2 Handle bit-vector datatype (HO)
Package: uniquecounter 2016/05/16 v1.3 Provide unlimited unique counter (HO)
)
Package hobsub Info: Skipping package `hobsub' (already loaded).
Package: letltxmacro 2016/05/16 v1.5 Let assignment for LaTeX macros (HO)
Package: hopatch 2016/05/16 v1.3 Wrapper for package hooks (HO)
Package: xcolor-patch 2016/05/16 xcolor patch
Package: atveryend 2016/05/16 v1.9 Hooks at the very end of document (HO)
Package atveryend Info: \enddocument detected (standard20110627).
Package: atbegshi 2016/05/16 v1.17 At begin shipout hook (HO)
Package: refcount 2016/05/16 v3.5 Data extraction from label references (HO)
Package: hycolor 2016/05/16 v1.8 Color options for hyperref/bookmark (HO)
)
(/usr/local/texlive/2016/texmf-dist/tex/latex/oberdiek/auxhook.sty
Package: auxhook 2016/05/16 v1.4 Hooks for auxiliary files (HO)
)
(/usr/local/texlive/2016/texmf-dist/tex/latex/oberdiek/kvoptions.sty
Package: kvoptions 2016/05/16 v3.12 Key value format for package options (HO)
)
\@linkdim=\dimen175
\Hy@linkcounter=\count146
\Hy@pagecounter=\count147

(/usr/local/texlive/2016/texmf-dist/tex/latex/hyperref/pd1enc.def
File: pd1enc.def 2016/05/05 v6.83n Hyperref: PDFDocEncoding definition (HO)
)
\Hy@SavedSpaceFactor=\count148

(/usr/local/texlive/2016/texmf-dist/tex/latex/latexconfig/hyperref.cfg
File: hyperref.cfg 2002/06/06 v1.2 hyperref configuration of TeXLive
)
Package hyperref Info: Option `colorlinks' set `true' on input line 4322.
Package hyperref Info: Hyper figures OFF on input line 4446.
Package hyperref Info: Link nesting OFF on input line 4451.
Package hyperref Info: Hyper index ON on input line 4454.
Package hyperref Info: Plain pages OFF on input line 4461.
Package hyperref Info: Backreferencing OFF on input line 4466.
Package hyperref Info: Implicit mode ON; LaTeX internals redefined.
Package hyperref Info: Bookmarks ON on input line 4691.
\c@Hy@tempcnt=\count149

(/usr/local/texlive/2016/texmf-dist/tex/latex/url/url.sty
\Urlmuskip=\muskip11
Package: url 2013/09/16  ver 3.4  Verb mode for urls, etc.
)
LaTeX Info: Redefining \url on input line 5044.
\XeTeXLinkMargin=\dimen176
\Fld@menulength=\count150
\Field@Width=\dimen177
\Fld@charsize=\dimen178
Package hyperref Info: Hyper figures OFF on input line 6298.
Package hyperref Info: Link nesting OFF on input line 6303.
Package hyperref Info: Hyper index ON on input line 6306.
Package hyperref Info: backreferencing OFF on input line 6313.
Package hyperref Info: Link coloring ON on input line 6316.
Package hyperref Info: Link coloring with OCG OFF on input line 6323.
Package hyperref Info: PDF/A mode OFF on input line 6328.
LaTeX Info: Redefining \ref on input line 6368.
LaTeX Info: Redefining \pageref on input line 6372.
\Hy@abspage=\count151
\c@Item=\count152
\c@Hfootnote=\count153
)

Package hyperref Message: Driver (autodetected): hpdftex.

(/usr/local/texlive/2016/texmf-dist/tex/latex/hyperref/hpdftex.def
File: hpdftex.def 2016/05/05 v6.83n Hyperref driver for pdfTeX
\Fld@listcount=\count154
\c@bookmark@seq@number=\count155

(/usr/local/texlive/2016/texmf-dist/tex/latex/oberdiek/rerunfilecheck.sty
Package: rerunfilecheck 2016/05/16 v1.8 Rerun checks for auxiliary files (HO)
Package uniquecounter Info: New unique counter `rerunfilecheck' on input line 2
82.
)
\Hy@SectionHShift=\skip55
)
(/usr/local/texlive/2016/texmf-dist/tex/latex/listings/lstlang1.sty
File: lstlang1.sty 2015/06/04 1.6 listings language file
)
(./main.aux

LaTeX Warning: Label `fig:sensor network' multiply defined.

)
\openout1 = `main.aux'.

LaTeX Font Info:    Checking defaults for OML/cmm/m/it on input line 45.
LaTeX Font Info:    ... okay on input line 45.
LaTeX Font Info:    Checking defaults for T1/cmr/m/n on input line 45.
LaTeX Font Info:    ... okay on input line 45.
LaTeX Font Info:    Checking defaults for OT1/cmr/m/n on input line 45.
LaTeX Font Info:    ... okay on input line 45.
LaTeX Font Info:    Checking defaults for OMS/cmsy/m/n on input line 45.
LaTeX Font Info:    ... okay on input line 45.
LaTeX Font Info:    Checking defaults for OMX/cmex/m/n on input line 45.
LaTeX Font Info:    ... okay on input line 45.
LaTeX Font Info:    Checking defaults for U/cmr/m/n on input line 45.
LaTeX Font Info:    ... okay on input line 45.
LaTeX Font Info:    Checking defaults for PD1/pdf/m/n on input line 45.
LaTeX Font Info:    ... okay on input line 45.
 (/usr/local/texlive/2016/texmf-dist/tex/latex/ucs/ucsencs.def
File: ucsencs.def 2011/01/21 Fixes to fontencodings LGR, T3
)
*geometry* driver: auto-detecting
*geometry* detected driver: pdftex
*geometry* verbose mode - [ preamble ] result:
* driver: pdftex
* paper: a4paper
* layout: <same size as paper>
* layoutoffset:(h,v)=(0.0pt,0.0pt)
* modes: 
* h-part:(L,W,R)=(85.35826pt, 426.79135pt, 85.35826pt)
* v-part:(T,H,B)=(85.35826pt, 702.78308pt, 56.9055pt)
* \paperwidth=597.50787pt
* \paperheight=845.04684pt
* \textwidth=426.79135pt
* \textheight=702.78308pt
* \oddsidemargin=13.08827pt
* \evensidemargin=13.08827pt
* \topmargin=-23.91173pt
* \headheight=12.0pt
* \headsep=25.0pt
* \topskip=10.0pt
* \footskip=30.0pt
* \marginparwidth=49.79231pt
* \marginparsep=11.0pt
* \columnsep=10.0pt
* \skip\footins=9.0pt plus 4.0pt minus 2.0pt
* \hoffset=0.0pt
* \voffset=0.0pt
* \mag=1000
* \@twocolumnfalse
* \@twosidefalse
* \@mparswitchfalse
* \@reversemarginfalse
* (1in=72.27pt=25.4mm, 1cm=28.453pt)

\c@lstlisting=\count156
(/usr/local/texlive/2016/texmf-dist/tex/context/base/mkii/supp-pdf.mkii
[Loading MPS to PDF converter (version 2006.09.02).]
\scratchcounter=\count157
\scratchdimen=\dimen179
\scratchbox=\box43
\nofMPsegments=\count158
\nofMParguments=\count159
\everyMPshowfont=\toks50
\MPscratchCnt=\count160
\MPscratchDim=\dimen180
\MPnumerator=\count161
\makeMPintoPDFobject=\count162
\everyMPtoPDFconversion=\toks51
) (/usr/local/texlive/2016/texmf-dist/tex/latex/oberdiek/epstopdf-base.sty
Package: epstopdf-base 2016/05/15 v2.6 Base part for package epstopdf

(/usr/local/texlive/2016/texmf-dist/tex/latex/oberdiek/grfext.sty
Package: grfext 2016/05/16 v1.2 Manage graphics extensions (HO)
)
Package grfext Info: Graphics extension search list:
(grfext)             [.png,.pdf,.jpg,.mps,.jpeg,.jbig2,.jb2,.PNG,.PDF,.JPG,.JPE
G,.JBIG2,.JB2,.eps]
(grfext)             \AppendGraphicsExtensions on input line 456.

(/usr/local/texlive/2016/texmf-dist/tex/latex/latexconfig/epstopdf-sys.cfg
File: epstopdf-sys.cfg 2010/07/13 v1.3 Configuration of (r)epstopdf for TeX Liv
e
))
ABD: EveryShipout initializing macros
\AtBeginShipoutBox=\box44
Package hyperref Info: Link coloring ON on input line 45.

(/usr/local/texlive/2016/texmf-dist/tex/latex/hyperref/nameref.sty
Package: nameref 2012/10/27 v2.43 Cross-referencing by name of section

(/usr/local/texlive/2016/texmf-dist/tex/generic/oberdiek/gettitlestring.sty
Package: gettitlestring 2016/05/16 v1.5 Cleanup title references (HO)
)
\c@section@level=\count163
)
LaTeX Info: Redefining \ref on input line 45.
LaTeX Info: Redefining \pageref on input line 45.
LaTeX Info: Redefining \nameref on input line 45.

(./main.out) (./main.out)
\@outlinefile=\write4
\openout4 = `main.out'.

LaTeX Font Info:    Try loading font information for U+msa on input line 47.

(/usr/local/texlive/2016/texmf-dist/tex/latex/amsfonts/umsa.fd
File: umsa.fd 2013/01/14 v3.01 AMS symbols A
)
LaTeX Font Info:    Try loading font information for U+msb on input line 47.

(/usr/local/texlive/2016/texmf-dist/tex/latex/amsfonts/umsb.fd
File: umsb.fd 2013/01/14 v3.01 AMS symbols B
)

LaTeX Warning: No \author given.

(./main.toc)
\tf@toc=\write5
\openout5 = `main.toc'.

 [1

{/usr/local/texlive/2016/texmf-var/fonts/map/pdftex/updmap/pdftex.map}] (/usr/l
ocal/texlive/2016/texmf-dist/tex/latex/ucs/data/uni-32.def
File: uni-32.def 2013/05/13 UCS: Unicode data U+2000..U+20FF
)
[2]

Package hyperref Warning: Token not allowed in a PDF string (PDFDocEncoding):
(hyperref)                removing `math shift' on input line 95.


Package hyperref Warning: Token not allowed in a PDF string (PDFDocEncoding):
(hyperref)                removing `\times' on input line 95.


Package hyperref Warning: Token not allowed in a PDF string (PDFDocEncoding):
(hyperref)                removing `math shift' on input line 95.

LaTeX Font Info:    Try loading font information for OMS+cmr on input line 97.
(/usr/local/texlive/2016/texmf-dist/tex/latex/base/omscmr.fd
File: omscmr.fd 2014/09/29 v2.5h Standard LaTeX font definitions
)
LaTeX Font Info:    Font shape `OMS/cmr/m/n' in size <10> not available
(Font)              Font shape `OMS/cmsy/m/n' tried instead on input line 97.
LaTeX Font Info:    Try loading font information for T1+cmtt on input line 139.


(/usr/local/texlive/2016/texmf-dist/tex/latex/base/t1cmtt.fd
File: t1cmtt.fd 2014/09/29 v2.5h Standard LaTeX font definitions
) [3]

Package hyperref Warning: Token not allowed in a PDF string (PDFDocEncoding):
(hyperref)                removing `math shift' on input line 178.


Package hyperref Warning: Token not allowed in a PDF string (PDFDocEncoding):
(hyperref)                removing `\times' on input line 178.


Package hyperref Warning: Token not allowed in a PDF string (PDFDocEncoding):
(hyperref)                removing `math shift' on input line 178.

<graph.jpg, id=200, 1171.37625pt x 983.675pt>
File: graph.jpg Graphic file (type jpg)
 <use graph.jpg>
Package pdftex.def Info: graph.jpg used on input line 182.
(pdftex.def)             Requested size: 128.0374pt x 107.51413pt.

<downsample_stage_1.jpg, id=201, 1136.245pt x 990.70125pt>
File: downsample_stage_1.jpg Graphic file (type jpg)

<use downsample_stage_1.jpg>
Package pdftex.def Info: downsample_stage_1.jpg used on input line 182.
(pdftex.def)             Requested size: 128.0374pt x 111.62292pt.

<downsample_stage_2.jpg, id=202, 1106.1325pt x 985.6825pt>
File: downsample_stage_2.jpg Graphic file (type jpg)

<use downsample_stage_2.jpg>
Package pdftex.def Info: downsample_stage_2.jpg used on input line 182.
(pdftex.def)             Requested size: 128.0374pt x 114.08055pt.

<scaling_vertex.jpg, id=203, 1406.25375pt x 1036.87375pt>
File: scaling_vertex.jpg Graphic file (type jpg)

<use scaling_vertex.jpg>
Package pdftex.def Info: scaling_vertex.jpg used on input line 194.
(pdftex.def)             Requested size: 135.15059pt x 99.64316pt.

<wavelet_scale_1_vertex.jpg, id=204, 1394.20876pt x 1052.93375pt>
File: wavelet_scale_1_vertex.jpg Graphic file (type jpg)

<use wavelet_scale_1_vertex.jpg>
Package pdftex.def Info: wavelet_scale_1_vertex.jpg used on input line 194.
(pdftex.def)             Requested size: 135.15059pt x 102.05411pt.

<wavelet_scale_2_vertex.jpg, id=205, 1382.16376pt x 1046.91125pt>
File: wavelet_scale_2_vertex.jpg Graphic file (type jpg)

<use wavelet_scale_2_vertex.jpg>
Package pdftex.def Info: wavelet_scale_2_vertex.jpg used on input line 194.
(pdftex.def)             Requested size: 135.15059pt x 102.36496pt.

<scaling_frequency.jpg, id=206, 1436.36626pt x 1031.855pt>
File: scaling_frequency.jpg Graphic file (type jpg)

<use scaling_frequency.jpg>
Package pdftex.def Info: scaling_frequency.jpg used on input line 196.
(pdftex.def)             Requested size: 135.15059pt x 97.08255pt.

<wavelet_scale_1_frequency.jpg, id=207, 1501.61pt x 1064.97874pt>
File: wavelet_scale_1_frequency.jpg Graphic file (type jpg)

<use wavelet_scale_1_frequency.jpg>
Package pdftex.def Info: wavelet_scale_1_frequency.jpg used on input line 196.
(pdftex.def)             Requested size: 135.15059pt x 95.84395pt.

<wavelet_scale_2_frequency.jpg, id=208, 1453.43pt x 1066.98625pt>
File: wavelet_scale_2_frequency.jpg Graphic file (type jpg)

<use wavelet_scale_2_frequency.jpg>
Package pdftex.def Info: wavelet_scale_2_frequency.jpg used on input line 196.
(pdftex.def)             Requested size: 135.15059pt x 99.21567pt.
 [4 <./graph.jpg> <./downsample_stage_1.jpg> <./downsample_stage_2.jpg>]

Package hyperref Warning: Token not allowed in a PDF string (PDFDocEncoding):
(hyperref)                removing `math shift' on input line 202.


Package hyperref Warning: Token not allowed in a PDF string (PDFDocEncoding):
(hyperref)                removing `\times' on input line 202.


Package hyperref Warning: Token not allowed in a PDF string (PDFDocEncoding):
(hyperref)                removing `math shift' on input line 202.

<sensor_network/graph.jpg, id=219, 1449.415pt x 1061.9675pt>
File: sensor_network/graph.jpg Graphic file (type jpg)

<use sensor_network/graph.jpg>
Package pdftex.def Info: sensor_network/graph.jpg used on input line 206.
(pdftex.def)             Requested size: 137.71123pt x 100.88795pt.

<sensor_network/downsample_stage_1.jpg, id=220, 1432.35126pt x 1069.9975pt>
File: sensor_network/downsample_stage_1.jpg Graphic file (type jpg)

<use sensor_network/downsample_stage_1.jpg>
Package pdftex.def Info: sensor_network/downsample_stage_1.jpg used on input li
ne 206.
(pdftex.def)             Requested size: 137.99603pt x 103.07124pt.

<sensor_network/downsample_stage_2.jpg, id=221, 1421.31pt x 1051.93pt>
File: sensor_network/downsample_stage_2.jpg Graphic file (type jpg)

<use sensor_network/downsample_stage_2.jpg>
Package pdftex.def Info: sensor_network/downsample_stage_2.jpg used on input li
ne 206.
(pdftex.def)             Requested size: 137.99603pt x 102.11734pt.

<sensor_network/downsample_stage_3.jpg, id=222, 1457.445pt x 1056.94875pt>
File: sensor_network/downsample_stage_3.jpg Graphic file (type jpg)

<use sensor_network/downsample_stage_3.jpg>
Package pdftex.def Info: sensor_network/downsample_stage_3.jpg used on input li
ne 208.
(pdftex.def)             Requested size: 137.71123pt x 99.86282pt.

<sensor_network/downsample_stage_4.jpg, id=223, 1437.37pt x 1045.9075pt>
File: sensor_network/downsample_stage_4.jpg Graphic file (type jpg)

<use sensor_network/downsample_stage_4.jpg>
Package pdftex.def Info: sensor_network/downsample_stage_4.jpg used on input li
ne 208.
(pdftex.def)             Requested size: 137.99603pt x 100.3996pt.

<sensor_network/downsample_stage_5.jpg, id=224, 1485.55pt x 1042.89626pt>
File: sensor_network/downsample_stage_5.jpg Graphic file (type jpg)

<use sensor_network/downsample_stage_5.jpg>
Package pdftex.def Info: sensor_network/downsample_stage_5.jpg used on input li
ne 208.
(pdftex.def)             Requested size: 137.99603pt x 96.86423pt.

<sensor_network/scaling.jpg, id=225, 1846.9pt x 1218.5525pt>
File: sensor_network/scaling.jpg Graphic file (type jpg)

<use sensor_network/scaling.jpg>
Package pdftex.def Info: sensor_network/scaling.jpg used on input line 220.
(pdftex.def)             Requested size: 137.71123pt x 90.84828pt.

<sensor_network/wavelet_scale_1_vertex.jpg, id=226, 1846.9pt x 1218.5525pt>
File: sensor_network/wavelet_scale_1_vertex.jpg Graphic file (type jpg)

<use sensor_network/wavelet_scale_1_vertex.jpg>
Package pdftex.def Info: sensor_network/wavelet_scale_1_vertex.jpg used on inpu
t line 220.
(pdftex.def)             Requested size: 137.99603pt x 91.03421pt.

<sensor_network/wavelet_scale_2_vertex.jpg, id=227, 1846.9pt x 1218.5525pt>
File: sensor_network/wavelet_scale_2_vertex.jpg Graphic file (type jpg)

<use sensor_network/wavelet_scale_2_vertex.jpg>
Package pdftex.def Info: sensor_network/wavelet_scale_2_vertex.jpg used on inpu
t line 220.
(pdftex.def)             Requested size: 137.99603pt x 91.03421pt.

<sensor_network/scaling_frequency.jpg, id=228, 1846.9pt x 1218.5525pt>
File: sensor_network/scaling_frequency.jpg Graphic file (type jpg)

<use sensor_network/scaling_frequency.jpg>
Package pdftex.def Info: sensor_network/scaling_frequency.jpg used on input lin
e 222.
(pdftex.def)             Requested size: 137.71123pt x 90.84828pt.

<sensor_network/wavelet_scale_1_frequency.jpg, id=229, 1846.9pt x 1218.5525pt>
File: sensor_network/wavelet_scale_1_frequency.jpg Graphic file (type jpg)

<use sensor_network/wavelet_scale_1_frequency.jpg>
Package pdftex.def Info: sensor_network/wavelet_scale_1_frequency.jpg used on i
nput line 222.
(pdftex.def)             Requested size: 137.99603pt x 91.03421pt.

<sensor_network/wavelet_scale_2_frequency.jpg, id=230, 1846.9pt x 1218.5525pt>
File: sensor_network/wavelet_scale_2_frequency.jpg Graphic file (type jpg)

<use sensor_network/wavelet_scale_2_frequency.jpg>
Package pdftex.def Info: sensor_network/wavelet_scale_2_frequency.jpg used on i
nput line 222.
(pdftex.def)             Requested size: 137.99603pt x 91.03421pt.
 [5 <./scaling_vertex.jpg> <./wavelet_scale_1_vertex.jpg> <./wavelet_scale_2_ve
rtex.jpg> <./scaling_frequency.jpg> <./wavelet_scale_1_frequency.jpg> <./wavele
t_scale_2_frequency.jpg> <./sensor_network/graph.jpg> <./sensor_network/downsam
ple_stage_1.jpg> <./sensor_network/downsample_stage_2.jpg> <./sensor_network/do
wnsample_stage_3.jpg> <./sensor_network/downsample_stage_4.jpg> <./sensor_netwo
rk/downsample_stage_5.jpg>]

Package hyperref Warning: Token not allowed in a PDF string (PDFDocEncoding):
(hyperref)                removing `math shift' on input line 254.


Package hyperref Warning: Token not allowed in a PDF string (PDFDocEncoding):
(hyperref)                removing `math shift' on input line 254.

<path_graph/path_graph.png, id=237, 384.43625pt x 69.25874pt>
File: path_graph/path_graph.png Graphic file (type png)

<use path_graph/path_graph.png>
Package pdftex.def Info: path_graph/path_graph.png used on input line 272.
(pdftex.def)             Requested size: 227.62204pt x 41.00813pt.

<path_graph/downsample_path_graph.png, id=239, 377.41pt x 69.25874pt>
File: path_graph/downsample_path_graph.png Graphic file (type png)

<use path_graph/downsample_path_graph.png>
Package pdftex.def Info: path_graph/downsample_path_graph.png used on input lin
e 274.
(pdftex.def)             Requested size: 227.62204pt x 41.77113pt.

<path_graph/rewire_path_graph.png, id=240, 274.02374pt x 53.19875pt>
File: path_graph/rewire_path_graph.png Graphic file (type png)

<use path_graph/rewire_path_graph.png>
Package pdftex.def Info: path_graph/rewire_path_graph.png used on input line 27
6.
(pdftex.def)             Requested size: 227.62204pt x 44.19147pt.
 [6 <./sensor_network/scaling.jpg> <./sensor_network/wavelet_scale_1_vertex.jpg
> <./sensor_network/wavelet_scale_2_vertex.jpg> <./sensor_network/scaling_frequ
ency.jpg> <./sensor_network/wavelet_scale_1_frequency.jpg> <./sensor_network/wa
velet_scale_2_frequency.jpg>]
<ring_graph/ring_graph.png, id=256, 570.13pt x 528.97626pt>
File: ring_graph/ring_graph.png Graphic file (type png)

<use ring_graph/ring_graph.png>
Package pdftex.def Info: ring_graph/ring_graph.png used on input line 287.
(pdftex.def)             Requested size: 170.71652pt x 158.38737pt.

<ring_graph/ring_graph_downsample.png, id=257, 575.65062pt x 536.0025pt>
File: ring_graph/ring_graph_downsample.png Graphic file (type png)

<use ring_graph/ring_graph_downsample.png>
Package pdftex.def Info: ring_graph/ring_graph_downsample.png used on input lin
e 288.
(pdftex.def)             Requested size: 170.71652pt x 158.9536pt.

<ring_graph/ring_graph_reduced.png, id=258, 658.46pt x 521.95pt>
File: ring_graph/ring_graph_reduced.png Graphic file (type png)

<use ring_graph/ring_graph_reduced.png>
Package pdftex.def Info: ring_graph/ring_graph_reduced.png used on input line 2
89.
(pdftex.def)             Requested size: 170.71652pt x 135.3215pt.

<clusters/original_sensor.jpg, id=259, 1732.4725pt x 742.775pt>
File: clusters/original_sensor.jpg Graphic file (type jpg)

<use clusters/original_sensor.jpg>
Package pdftex.def Info: clusters/original_sensor.jpg used on input line 309.
(pdftex.def)             Requested size: 170.71652pt x 73.18246pt.

<clusters/sensor_5_clusters.jpg, id=260, 1732.4725pt x 742.775pt>
File: clusters/sensor_5_clusters.jpg Graphic file (type jpg)

<use clusters/sensor_5_clusters.jpg>
Package pdftex.def Info: clusters/sensor_5_clusters.jpg used on input line 310.

(pdftex.def)             Requested size: 170.71652pt x 73.18246pt.

<clusters/sensor_20_clusters.jpg, id=261, 1732.4725pt x 742.775pt>
File: clusters/sensor_20_clusters.jpg Graphic file (type jpg)

<use clusters/sensor_20_clusters.jpg>
Package pdftex.def Info: clusters/sensor_20_clusters.jpg used on input line 311
.
(pdftex.def)             Requested size: 170.71652pt x 73.18246pt.
 [7 <./path_graph/path_graph.png> <./path_graph/downsample_path_graph.png> <./p
ath_graph/rewire_path_graph.png> <./ring_graph/ring_graph.png> <./ring_graph/ri
ng_graph_downsample.png> <./ring_graph/ring_graph_reduced.png>]

Package hyperref Warning: Token not allowed in a PDF string (PDFDocEncoding):
(hyperref)                removing `math shift' on input line 322.


Package hyperref Warning: Token not allowed in a PDF string (PDFDocEncoding):
(hyperref)                removing `math shift' on input line 322.


Package hyperref Warning: Token not allowed in a PDF string (PDFDocEncoding):
(hyperref)                removing `math shift' on input line 322.


Package hyperref Warning: Token not allowed in a PDF string (PDFDocEncoding):
(hyperref)                removing `math shift' on input line 322.

File: clusters/original_sensor.jpg Graphic file (type jpg)
<use clusters/original_sensor.jpg>
Package pdftex.def Info: clusters/original_sensor.jpg used on input line 329.
(pdftex.def)             Requested size: 170.71652pt x 73.18246pt.

<sensor_network/downsampled_L.jpg, id=275, 1732.4725pt x 742.775pt>
File: sensor_network/downsampled_L.jpg Graphic file (type jpg)

<use sensor_network/downsampled_L.jpg>
Package pdftex.def Info: sensor_network/downsampled_L.jpg used on input line 33
0.
(pdftex.def)             Requested size: 170.71652pt x 73.18246pt.

<sensor_network/downsampled_I-L.jpg, id=276, 1732.4725pt x 742.775pt>
File: sensor_network/downsampled_I-L.jpg Graphic file (type jpg)

<use sensor_network/downsampled_I-L.jpg>
Package pdftex.def Info: sensor_network/downsampled_I-L.jpg used on input line 
331.
(pdftex.def)             Requested size: 170.71652pt x 73.18246pt.
 [8 <./clusters/original_sensor.jpg> <./clusters/sensor_5_clusters.jpg> <./clus
ters/sensor_20_clusters.jpg> <./sensor_network/downsampled_L.jpg> <./sensor_net
work/downsampled_I-L.jpg>]
<plot_eigenvectors/reduced_eigenvec_1.png, id=283, 1801.73125pt x 1073.00874pt>
File: plot_eigenvectors/reduced_eigenvec_1.png Graphic file (type png)
<use plot_eigenvectors/reduced_eigenvec_1.png>
Package pdftex.def Info: plot_eigenvectors/reduced_eigenvec_1.png used on input
 line 360.
(pdftex.def)             Requested size: 199.16928pt x 118.60437pt.

<plot_eigenvectors/original_eigenvec_1.png, id=284, 1740.5025pt x 1058.95625pt>
File: plot_eigenvectors/original_eigenvec_1.png Graphic file (type png)
<use plot_eigenvectors/original_eigenvec_1.png>
Package pdftex.def Info: plot_eigenvectors/original_eigenvec_1.png used on inpu
t line 361.
(pdftex.def)             Requested size: 199.16928pt x 121.17146pt.

<plot_eigenvectors/reduced_eigenvec_2.png, id=285, 1758.57pt x 1088.065pt>
File: plot_eigenvectors/reduced_eigenvec_2.png Graphic file (type png)

<use plot_eigenvectors/reduced_eigenvec_2.png>
Package pdftex.def Info: plot_eigenvectors/reduced_eigenvec_2.png used on input
 line 363.
(pdftex.def)             Requested size: 199.16928pt x 123.22385pt.

<plot_eigenvectors/original_eigenvec_2.png, id=286, 1772.6225pt x 1060.96375pt>
File: plot_eigenvectors/original_eigenvec_2.png Graphic file (type png)
<use plot_eigenvectors/original_eigenvec_2.png>
Package pdftex.def Info: plot_eigenvectors/original_eigenvec_2.png used on inpu
t line 364.
(pdftex.def)             Requested size: 199.16928pt x 119.19946pt.

<plot_eigenvectors/reduced_eigenvec_3.png, id=287, 1766.6pt x 1074.0125pt>
File: plot_eigenvectors/reduced_eigenvec_3.png Graphic file (type png)

<use plot_eigenvectors/reduced_eigenvec_3.png>
Package pdftex.def Info: plot_eigenvectors/reduced_eigenvec_3.png used on input
 line 366.
(pdftex.def)             Requested size: 199.16928pt x 121.0752pt.

<plot_eigenvectors/original_eigenvec_3.png, id=288, 1743.51375pt x 1077.02374pt
>
File: plot_eigenvectors/original_eigenvec_3.png Graphic file (type png)
 <use plot_eigenvectors/original_eigenvec_3.png>
Package pdftex.def Info: plot_eigenvectors/original_eigenvec_3.png used on inpu
t line 367.
(pdftex.def)             Requested size: 199.16928pt x 123.0252pt.
 [9 <./plot_eigenvectors/reduced_eigenvec_1.png> <./plot_eigenvectors/original_
eigenvec_1.png> <./plot_eigenvectors/reduced_eigenvec_2.png> <./plot_eigenvecto
rs/original_eigenvec_2.png> <./plot_eigenvectors/reduced_eigenvec_3.png> <./plo
t_eigenvectors/original_eigenvec_3.png>]
<interpolation/interpolate_2nd_eigen.png, id=300, 1796.7125pt x 1091.07625pt>
File: interpolation/interpolate_2nd_eigen.png Graphic file (type png)

<use interpolation/interpolate_2nd_eigen.png>
Package pdftex.def Info: interpolation/interpolate_2nd_eigen.png used on input 
line 379.
(pdftex.def)             Requested size: 199.16928pt x 120.93442pt.

<interpolation/original_2nd_eigen.png, id=301, 1797.71625pt x 1104.125pt>
File: interpolation/original_2nd_eigen.png Graphic file (type png)

<use interpolation/original_2nd_eigen.png>
Package pdftex.def Info: interpolation/original_2nd_eigen.png used on input lin
e 380.
(pdftex.def)             Requested size: 199.16928pt x 122.31335pt.

<interpolation/interpolate_3rd_eigen.png, id=302, 1800.7275pt x 1089.06876pt>
File: interpolation/interpolate_3rd_eigen.png Graphic file (type png)

<use interpolation/interpolate_3rd_eigen.png>
Package pdftex.def Info: interpolation/interpolate_3rd_eigen.png used on input 
line 382.
(pdftex.def)             Requested size: 199.16928pt x 120.44603pt.

<interpolation/original_3rd_eigen.png, id=303, 1793.70125pt x 1084.05pt>
File: interpolation/original_3rd_eigen.png Graphic file (type png)

<use interpolation/original_3rd_eigen.png>
Package pdftex.def Info: interpolation/original_3rd_eigen.png used on input lin
e 383.
(pdftex.def)             Requested size: 199.16928pt x 120.37067pt.

<interpolation/interpolate_4th_eigen.png, id=304, 1798.72pt x 1086.0575pt>
File: interpolation/interpolate_4th_eigen.png Graphic file (type png)

<use interpolation/interpolate_4th_eigen.png>
Package pdftex.def Info: interpolation/interpolate_4th_eigen.png used on input 
line 385.
(pdftex.def)             Requested size: 199.16928pt x 120.24556pt.

<interpolation/original_4th_eigen.png, id=305, 1800.7275pt x 1077.02374pt>
File: interpolation/original_4th_eigen.png Graphic file (type png)

<use interpolation/original_4th_eigen.png>
Package pdftex.def Info: interpolation/original_4th_eigen.png used on input lin
e 386.
(pdftex.def)             Requested size: 199.16928pt x 119.1139pt.
 [10 <./interpolation/interpolate_2nd_eigen.png> <./interpolation/original_2nd_
eigen.png> <./interpolation/interpolate_3rd_eigen.png> <./interpolation/origina
l_3rd_eigen.png> <./interpolation/interpolate_4th_eigen.png> <./interpolation/o
riginal_4th_eigen.png>]
Package hyperref Info: bookmark level for unknown algorithm defaults to 0 on in
put line 398.
 [11]
<multiresolution/multires1.jpg, id=324, 1511.6475pt x 1218.5525pt>
File: multiresolution/multires1.jpg Graphic file (type jpg)

<use multiresolution/multires1.jpg>
Package pdftex.def Info: multiresolution/multires1.jpg used on input line 515.
(pdftex.def)             Requested size: 199.16928pt x 160.53705pt.

<multiresolution/multires2.jpg, id=325, 1511.6475pt x 1218.5525pt>
File: multiresolution/multires2.jpg Graphic file (type jpg)

<use multiresolution/multires2.jpg>
Package pdftex.def Info: multiresolution/multires2.jpg used on input line 516.
(pdftex.def)             Requested size: 199.16928pt x 160.53705pt.

<multiresolution/multires3.jpg, id=326, 1511.6475pt x 1218.5525pt>
File: multiresolution/multires3.jpg Graphic file (type jpg)

<use multiresolution/multires3.jpg>
Package pdftex.def Info: multiresolution/multires3.jpg used on input line 518.
(pdftex.def)             Requested size: 199.16928pt x 160.53705pt.

<multiresolution/multires4.jpg, id=327, 1511.6475pt x 1218.5525pt>
File: multiresolution/multires4.jpg Graphic file (type jpg)

<use multiresolution/multires4.jpg>
Package pdftex.def Info: multiresolution/multires4.jpg used on input line 519.
(pdftex.def)             Requested size: 199.16928pt x 160.53705pt.

<multiresolution/multires5.jpg, id=328, 1511.6475pt x 1218.5525pt>
File: multiresolution/multires5.jpg Graphic file (type jpg)

<use multiresolution/multires5.jpg>
Package pdftex.def Info: multiresolution/multires5.jpg used on input line 521.
(pdftex.def)             Requested size: 199.16928pt x 160.53705pt.
 [12]
<0629/coefficients_path_graph_4_stages.png, id=334, 1732.4725pt x 1078.0275pt>
File: 0629/coefficients_path_graph_4_stages.png Graphic file (type png)

<use 0629/coefficients_path_graph_4_stages.png>
Package pdftex.def Info: 0629/coefficients_path_graph_4_stages.png used on inpu
t line 541.
(pdftex.def)             Requested size: 199.16928pt x 123.92943pt.

<0629/coefficients_path_graph_4_stages_threshold.png, id=335, 1759.57375pt x 10
81.03876pt>
File: 0629/coefficients_path_graph_4_stages_threshold.png Graphic file (type pn
g)
 <use 0629/coefficients_path_graph_4_stages_threshold.png>
Package pdftex.def Info: 0629/coefficients_path_graph_4_stages_threshold.png us
ed on input line 542.
(pdftex.def)             Requested size: 199.16928pt x 122.36214pt.

<0629/path_graph_4_stages_7th_eigenvec.png, id=336, 1727.45375pt x 1038.88126pt
>
File: 0629/path_graph_4_stages_7th_eigenvec.png Graphic file (type png)
 <use 0629/path_graph_4_stages_7th_eigenvec.png>
Package pdftex.def Info: 0629/path_graph_4_stages_7th_eigenvec.png used on inpu
t line 544.
(pdftex.def)             Requested size: 199.16928pt x 119.77794pt.

<0629/path_graph_4_stages_7th_eigenvec_interpolated.png, id=337, 1735.48375pt x
 1064.97874pt>
File: 0629/path_graph_4_stages_7th_eigenvec_interpolated.png Graphic file (type
 png)
 <use 0629/path_graph_4_stages_7th_eigenvec_interpolated.png>
Package pdftex.def Info: 0629/path_graph_4_stages_7th_eigenvec_interpolated.png
 used on input line 545.
(pdftex.def)             Requested size: 199.16928pt x 122.2181pt.

[13 <./multiresolution/multires1.jpg> <./multiresolution/multires2.jpg> <./mult
iresolution/multires3.jpg> <./multiresolution/multires4.jpg> <./multiresolution
/multires5.jpg>]
<0629/original/coefficients_path_graph_4_stages.png, id=349, 1969.3575pt x 1084
.05pt>
File: 0629/original/coefficients_path_graph_4_stages.png Graphic file (type png
)
 <use 0629/original/coefficients_path_graph_4_stages.png>
Package pdftex.def Info: 0629/original/coefficients_path_graph_4_stages.png use
d on input line 553.
(pdftex.def)             Requested size: 199.16928pt x 109.61885pt.

<0629/original/coefficients_path_graph_4_stages_threshold.png, id=350, 2023.56p
t x 1082.0425pt>
File: 0629/original/coefficients_path_graph_4_stages_threshold.png Graphic file
 (type png)

<use 0629/original/coefficients_path_graph_4_stages_threshold.png>
Package pdftex.def Info: 0629/original/coefficients_path_graph_4_stages_thresho
ld.png used on input line 554.
(pdftex.def)             Requested size: 199.16928pt x 106.49348pt.

<0629/original/7th_eigen.png, id=351, 1992.44376pt x 1071.00125pt>
File: 0629/original/7th_eigen.png Graphic file (type png)

<use 0629/original/7th_eigen.png>
Package pdftex.def Info: 0629/original/7th_eigen.png used on input line 556.
(pdftex.def)             Requested size: 199.16928pt x 107.05737pt.

<0629/original/7th_eigen_interpolated.png, id=352, 1984.41376pt x 1059.96pt>
File: 0629/original/7th_eigen_interpolated.png Graphic file (type png)

<use 0629/original/7th_eigen_interpolated.png>
Package pdftex.def Info: 0629/original/7th_eigen_interpolated.png used on input
 line 557.
(pdftex.def)             Requested size: 199.16928pt x 106.37419pt.

<0629/graph.png, id=353, 1834.855pt x 1218.5525pt>
File: 0629/graph.png Graphic file (type png)
 <use 0629/graph.png>
Package pdftex.def Info: 0629/graph.png used on input line 574.
(pdftex.def)             Requested size: 341.43306pt x 226.74883pt.

<0629/1st_downsampled.png, id=354, 1834.855pt x 1218.5525pt>
File: 0629/1st_downsampled.png Graphic file (type png)

<use 0629/1st_downsampled.png>
Package pdftex.def Info: 0629/1st_downsampled.png used on input line 576.
(pdftex.def)             Requested size: 341.43306pt x 226.74883pt.

<0629/2nd_downsampled.png, id=355, 1834.855pt x 1218.5525pt>
File: 0629/2nd_downsampled.png Graphic file (type png)

<use 0629/2nd_downsampled.png>
Package pdftex.def Info: 0629/2nd_downsampled.png used on input line 578.
(pdftex.def)             Requested size: 341.43306pt x 226.74883pt.
 [14 <./0629/coefficients_path_graph_4_stages.png> <./0629/coefficients_path_gr
aph_4_stages_threshold.png> <./0629/path_graph_4_stages_7th_eigenvec.png> <./06
29/path_graph_4_stages_7th_eigenvec_interpolated.png> <./0629/original/coeffici
ents_path_graph_4_stages.png> <./0629/original/coefficients_path_graph_4_stages
_threshold.png> <./0629/original/7th_eigen.png> <./0629/original/7th_eigen_inte
rpolated.png>]
Overfull \vbox (3.96278pt too high) has occurred while \output is active []


[15 <./0629/graph.png (PNG copy)> <./0629/1st_downsampled.png (PNG copy)> <./06
29/2nd_downsampled.png (PNG copy)>]
<0629/coefficients_zero_diagonal_4_stages.png, id=379, 1733.47626pt x 1088.065p
t>
File: 0629/coefficients_zero_diagonal_4_stages.png Graphic file (type png)
 <use 0629/coefficients_zero_diagonal_4_stages.png>
Package pdftex.def Info: 0629/coefficients_zero_diagonal_4_stages.png used on i
nput line 585.
(pdftex.def)             Requested size: 341.43306pt x 214.30524pt.

<0629/coefficients_zero_diagonal_4_stages_threshold.png, id=380, 1751.54375pt x
 1087.06125pt>
File: 0629/coefficients_zero_diagonal_4_stages_threshold.png Graphic file (type
 png)
 <use 0629/coefficients_zero_diagonal_4_stages_threshold.png>
Package pdftex.def Info: 0629/coefficients_zero_diagonal_4_stages_threshold.png
 used on input line 587.
(pdftex.def)             Requested size: 341.43306pt x 211.90144pt.

[16 <./0629/coefficients_zero_diagonal_4_stages.png> <./0629/coefficients_zero_
diagonal_4_stages_threshold.png>] [17]
Package atveryend Info: Empty hook `BeforeClearDocument' on input line 618.
Package atveryend Info: Empty hook `AfterLastShipout' on input line 618.
 (./main.aux)
Package atveryend Info: Executing hook `AtVeryEndDocument' on input line 618.
Package atveryend Info: Executing hook `AtEndAfterFileList' on input line 618.
Package rerunfilecheck Info: File `main.out' has not changed.
(rerunfilecheck)             Checksum: 80187FB198C96B3899DF1AE564F5DFC1;2073.


LaTeX Warning: There were multiply-defined labels.

Package atveryend Info: Empty hook `AtVeryVeryEnd' on input line 618.
 ) 
Here is how much of TeX's memory you used:
 20322 strings out of 493014
 370207 string characters out of 6133351
 484597 words of memory out of 5000000
 23319 multiletter control sequences out of 15000+600000
 17985 words of font info for 51 fonts, out of 8000000 for 9000
 1141 hyphenation exceptions out of 8191
 62i,10n,72p,583b,427s stack positions out of 5000i,500n,10000p,200000b,80000s
{/usr/local/texlive/2016/texmf-dist/fonts/enc/dvips/cm-super/cm-super-t1.enc}
</usr/local/texlive/2016/texmf-dist/fonts/type1/public/amsfonts/cm/cmex10.pfb><
/usr/local/texlive/2016/texmf-dist/fonts/type1/public/amsfonts/cm/cmmi10.pfb></
usr/local/texlive/2016/texmf-dist/fonts/type1/public/amsfonts/cm/cmmi12.pfb></u
sr/local/texlive/2016/texmf-dist/fonts/type1/public/amsfonts/cm/cmmi7.pfb></usr
/local/texlive/2016/texmf-dist/fonts/type1/public/amsfonts/cm/cmr10.pfb></usr/l
ocal/texlive/2016/texmf-dist/fonts/type1/public/amsfonts/cm/cmr12.pfb></usr/loc
al/texlive/2016/texmf-dist/fonts/type1/public/amsfonts/cm/cmr7.pfb></usr/local/
texlive/2016/texmf-dist/fonts/type1/public/amsfonts/cm/cmsy10.pfb></usr/local/t
exlive/2016/texmf-dist/fonts/type1/public/amsfonts/cm/cmsy7.pfb></usr/local/tex
live/2016/texmf-dist/fonts/type1/public/amsfonts/symbols/msbm10.pfb></usr/local
/texlive/2016/texmf-dist/fonts/type1/public/cm-super/sfbx1000.pfb></usr/local/t
exlive/2016/texmf-dist/fonts/type1/public/cm-super/sfbx1200.pfb></usr/local/tex
live/2016/texmf-dist/fonts/type1/public/cm-super/sfbx1440.pfb></usr/local/texli
ve/2016/texmf-dist/fonts/type1/public/cm-super/sfrm0800.pfb></usr/local/texlive
/2016/texmf-dist/fonts/type1/public/cm-super/sfrm1000.pfb></usr/local/texlive/2
016/texmf-dist/fonts/type1/public/cm-super/sfrm1200.pfb></usr/local/texlive/201
6/texmf-dist/fonts/type1/public/cm-super/sfrm1728.pfb></usr/local/texlive/2016/
texmf-dist/fonts/type1/public/cm-super/sftt1000.pfb>
Output written on main.pdf (17 pages, 8174008 bytes).
PDF statistics:
 479 PDF objects out of 1000 (max. 8388607)
 348 compressed objects within 4 object streams
 103 named destinations out of 1000 (max. 500000)
 563 words of extra memory for PDF output out of 10000 (max. 10000000)

