\BOOKMARK [1][-]{section.1}{Questions}{}% 1
\BOOKMARK [2][-]{subsection.1.1}{MMF Related}{section.1}% 2
\BOOKMARK [2][-]{subsection.1.2}{other}{section.1}% 3
\BOOKMARK [1][-]{section.2}{Lit Review - May 22 - May 26}{}% 4
\BOOKMARK [2][-]{subsection.2.1}{MMF, Parallel MMF}{section.2}% 5
\BOOKMARK [2][-]{subsection.2.2}{A Multiscale Pyramid Transform for Graph Signals}{section.2}% 6
\BOOKMARK [2][-]{subsection.2.3}{Signal Processing on Graphs}{section.2}% 7
\BOOKMARK [1][-]{section.3}{Givens Rotations, Sparse QR - May 26}{}% 8
\BOOKMARK [2][-]{subsection.3.1}{A 22 Review}{section.3}% 9
\BOOKMARK [2][-]{subsection.3.2}{General Givens Rotations}{section.3}% 10
\BOOKMARK [2][-]{subsection.3.3}{Sparse QR using Givens Rotation}{section.3}% 11
\BOOKMARK [2][-]{subsection.3.4}{Sparse QR Challenge}{section.3}% 12
\BOOKMARK [1][-]{section.4}{pMMF}{}% 13
\BOOKMARK [2][-]{subsection.4.1}{Wavelet Transform - June 5-7}{section.4}% 14
\BOOKMARK [3][-]{subsubsection.4.1.1}{Example 1: 16 16 Community Graph}{subsection.4.1}% 15
\BOOKMARK [3][-]{subsubsection.4.1.2}{Example 2: 500500 Sensor Network}{subsection.4.1}% 16
\BOOKMARK [2][-]{subsection.4.2}{MMF on diffusion operator - June 8-12}{section.4}% 17
\BOOKMARK [2][-]{subsection.4.3}{MMF on weighted adjacency matrix W - June 12}{section.4}% 18
\BOOKMARK [3][-]{subsubsection.4.3.1}{Experiments on path graphs}{subsection.4.3}% 19
\BOOKMARK [3][-]{subsubsection.4.3.2}{Experiments on ring graphs}{subsection.4.3}% 20
\BOOKMARK [2][-]{subsection.4.4}{Clustering}{section.4}% 21
\BOOKMARK [2][-]{subsection.4.5}{A = L vs. A = I - L}{section.4}% 22
\BOOKMARK [2][-]{subsection.4.6}{Edge Weights}{section.4}% 23
\BOOKMARK [1][-]{section.5}{Plot Reduced Laplacian Eigenvectors}{}% 24
\BOOKMARK [1][-]{section.6}{Interpolation}{}% 25
\BOOKMARK [1][-]{section.7}{pMMF Multiresolution}{}% 26
\BOOKMARK [2][-]{subsection.7.1}{pMMF Detailed Pseudocode}{section.7}% 27
\BOOKMARK [2][-]{subsection.7.2}{Examples}{section.7}% 28
\BOOKMARK [1][-]{section.8}{June 29}{}% 29
\BOOKMARK [1][-]{section.9}{Double Procrustes Problem}{}% 30
